0	10:29:02.591	Custom indicator ZigZag XAUUSD,H4: loaded successfully
0	10:29:02.603	Custom indicator RSI XAUUSD,H4: loaded successfully
0	10:29:02.614	Custom indicator CCI XAUUSD,H4: loaded successfully
0	10:29:02.634	ZigZag XAUUSD,H4: initialized
0	10:29:02.646	RSI XAUUSD,H4: initialized
0	10:29:02.659	CCI XAUUSD,H4: initialized
0	10:29:02.769	Custom indicator 代写\箭头8 GBPJPY,H1: loaded successfully
0	10:29:02.770	箭头8 GBPJPY,H1: initialized
0	10:29:02.795	Custom indicator ZigZag EURUSD,H4: loaded successfully
0	10:29:02.808	Custom indicator RSI EURUSD,H4: loaded successfully
0	10:29:02.820	Custom indicator CCI EURUSD,H4: loaded successfully
0	10:29:02.840	ZigZag EURUSD,H4: initialized
0	10:29:02.855	RSI EURUSD,H4: initialized
0	10:29:02.870	CCI EURUSD,H4: initialized
0	10:29:02.906	Custom indicator 代写\PBF_Scalper XAUUSD,H1: loaded successfully
0	10:29:02.922	PBF_Scalper XAUUSD,H1: initialized
0	15:05:08.089	PBF_Scalper XAUUSD,H1: uninit reason 3
0	15:05:08.099	PBF_Scalper XAUUSD,M1: initialized
0	15:05:19.144	PBF_Scalper XAUUSD,M1: uninit reason 1
0	15:05:19.148	Custom indicator PBF_Scalper XAUUSD,M1: removed
0	15:05:27.980	Custom indicator 代写\PBF_Scalper XAUUSD,M1: loaded successfully
0	15:05:28.991	PBF_Scalper XAUUSD,M1: initialized
0	16:36:30.520	PBF_Scalper XAUUSD,M1: uninit reason 4
0	16:36:30.527	Custom indicator PBF_Scalper XAUUSD,M1: removed
0	16:46:34.492	ZigZag XAUUSD,H4: uninit reason 9
0	16:46:34.492	RSI XAUUSD,H4: uninit reason 9
0	16:46:34.492	CCI XAUUSD,H4: uninit reason 9
0	16:46:34.492	箭头8 GBPJPY,H1: deinitialized
0	16:46:34.492	箭头8 GBPJPY,H1: uninit reason 9
0	16:46:34.492	ZigZag EURUSD,H4: uninit reason 9
0	16:46:34.492	RSI EURUSD,H4: uninit reason 9
0	16:46:34.492	CCI EURUSD,H4: uninit reason 9
0	16:46:34.545	Custom indicator ZigZag XAUUSD,H4: removed
0	16:46:34.548	Custom indicator RSI XAUUSD,H4: removed
0	16:46:34.551	Custom indicator CCI XAUUSD,H4: removed
0	16:46:34.555	Custom indicator 箭头8 GBPJPY,H1: removed
0	16:46:34.566	Custom indicator ZigZag EURUSD,H4: removed
0	16:46:34.568	Custom indicator RSI EURUSD,H4: removed
0	16:46:34.569	Custom indicator CCI EURUSD,H4: removed
0	16:46:49.563	Custom indicator ZigZag XAUUSD,H4: loaded successfully
0	16:46:49.573	Custom indicator RSI XAUUSD,H4: loaded successfully
0	16:46:49.582	Custom indicator CCI XAUUSD,H4: loaded successfully
0	16:46:49.597	ZigZag XAUUSD,H4: initialized
0	16:46:49.610	RSI XAUUSD,H4: initialized
0	16:46:49.625	CCI XAUUSD,H4: initialized
0	16:46:49.714	Custom indicator 代写\箭头8 GBPJPY,H1: loaded successfully
0	16:46:49.715	箭头8 GBPJPY,H1: initialized
0	16:46:49.740	Custom indicator ZigZag EURUSD,H4: loaded successfully
0	16:46:49.750	Custom indicator RSI EURUSD,H4: loaded successfully
0	16:46:49.759	Custom indicator CCI EURUSD,H4: loaded successfully
0	16:46:49.774	ZigZag EURUSD,H4: initialized
0	16:46:49.786	RSI EURUSD,H4: initialized
0	16:46:49.798	CCI EURUSD,H4: initialized
